<?xml version="1.0" encoding="UTF-8"?>
<!-- Generated by org.testng.reporters.JUnitReportReporter -->
<testsuite skipped="0" hostname="Prakat-L007" name="com.prakat.Milap.TestCases.PdfReadTest" tests="1" failures="0" timestamp="27 May 2019 12:05:17 GMT" time="1.023" errors="0">
  <testcase name="test" time="1.023" classname="com.prakat.Milap.TestCases.PdfReadTest"/>
</testsuite> <!-- com.prakat.Milap.TestCases.PdfReadTest -->
