<?xml version="1.0" encoding="UTF-8"?>
<!-- Generated by org.testng.reporters.JUnitReportReporter -->
<testsuite skipped="0" hostname="Prakat-D-002" name="com.prakat.Milap.TestCases.LoginAndLogout" tests="2" failures="0" timestamp="13 May 2019 10:18:42 GMT" time="11.696" errors="0">
  <testcase name="logout" time="3.230" classname="com.prakat.Milap.TestCases.LoginAndLogout"/>
  <testcase name="LoginToMMT" time="8.466" classname="com.prakat.Milap.TestCases.LoginAndLogout"/>
</testsuite> <!-- com.prakat.Milap.TestCases.LoginAndLogout -->
